2024-08-01 09:08:02,666 ERROR    ERROR001 - File '0176/Salida/D1_01_0176_0654_202407_202407310322_01_ES0176001900000501KK0F.xml' can't be parsed: ""
2024-08-01 09:08:02,667 INFO     Moving file '0176/Salida/D1_01_0176_0654_202407_202407310322_01_ES0176001900000501KK0F.xml' to '0176/Salida/D1_01_0176_0654_202407_202407310322_01_ES0176001900000501KK0F.xml.bad'
2024-08-01 09:08:02,676 ERROR    ERROR001 - File '0176/Salida/D1_01_0176_0762_202407_202407310305_01_ES0176000001900567FL0F.xml' can't be parsed: ""
2024-08-01 09:08:02,677 INFO     Moving file '0176/Salida/D1_01_0176_0762_202407_202407310305_01_ES0176000001900567FL0F.xml' to '0176/Salida/D1_01_0176_0762_202407_202407310305_01_ES0176000001900567FL0F.xml.bad'
2024-08-01 09:08:02,686 ERROR    ERROR001 - File '0176/Salida/D1_01_0176_0654_202407_202407310323_01_ES0176001900000516EJ0F.xml' can't be parsed: ""
2024-08-01 09:08:02,686 INFO     Moving file '0176/Salida/D1_01_0176_0654_202407_202407310323_01_ES0176001900000516EJ0F.xml' to '0176/Salida/D1_01_0176_0654_202407_202407310323_01_ES0176001900000516EJ0F.xml.bad'
2024-08-01 09:08:02,699 ERROR    ERROR001 - File '0176/Salida/D1_01_0176_0927_202407_202407310320_01_ES0176001900000430HL0F.xml' can't be parsed: ""
2024-08-01 09:08:02,699 INFO     Moving file '0176/Salida/D1_01_0176_0927_202407_202407310320_01_ES0176001900000430HL0F.xml' to '0176/Salida/D1_01_0176_0927_202407_202407310320_01_ES0176001900000430HL0F.xml.bad'
2024-08-01 09:08:02,709 ERROR    ERROR001 - File '0176/Salida/D1_01_0176_0654_202407_202407310313_01_ES0176001900000079AJ0F.xml' can't be parsed: ""
2024-08-01 09:08:02,709 INFO     Moving file '0176/Salida/D1_01_0176_0654_202407_202407310313_01_ES0176001900000079AJ0F.xml' to '0176/Salida/D1_01_0176_0654_202407_202407310313_01_ES0176001900000079AJ0F.xml.bad'
2024-08-01 09:08:02,721 ERROR    ERROR001 - File '0176/Salida/D1_01_0176_0654_202407_202407310306_01_ES0176000001900571PT0F.xml' can't be parsed: ""
2024-08-01 09:08:02,722 INFO     Moving file '0176/Salida/D1_01_0176_0654_202407_202407310306_01_ES0176000001900571PT0F.xml' to '0176/Salida/D1_01_0176_0654_202407_202407310306_01_ES0176000001900571PT0F.xml.bad'
2024-08-01 09:08:02,732 ERROR    ERROR001 - File '0176/Salida/D1_01_0176_0654_202407_202407310324_01_ES0176001900000523EC0F.xml' can't be parsed: ""
2024-08-01 09:08:02,732 INFO     Moving file '0176/Salida/D1_01_0176_0654_202407_202407310324_01_ES0176001900000523EC0F.xml' to '0176/Salida/D1_01_0176_0654_202407_202407310324_01_ES0176001900000523EC0F.xml.bad'
2024-08-01 09:08:02,743 ERROR    ERROR001 - File '0176/Salida/D1_01_0176_0762_202407_202407310311_01_ES0176001900000038RH0F.xml' can't be parsed: ""
2024-08-01 09:08:02,744 INFO     Moving file '0176/Salida/D1_01_0176_0762_202407_202407310311_01_ES0176001900000038RH0F.xml' to '0176/Salida/D1_01_0176_0762_202407_202407310311_01_ES0176001900000038RH0F.xml.bad'
2024-08-01 09:08:02,756 ERROR    ERROR001 - File '0176/Salida/D1_01_0176_0091_202407_202407310315_01_ES0176001900000220DQ0F.xml' can't be parsed: ""
2024-08-01 09:08:02,756 INFO     Moving file '0176/Salida/D1_01_0176_0091_202407_202407310315_01_ES0176001900000220DQ0F.xml' to '0176/Salida/D1_01_0176_0091_202407_202407310315_01_ES0176001900000220DQ0F.xml.bad'
2024-08-01 09:08:02,765 ERROR    ERROR001 - File '0176/Salida/D1_01_0176_0654_202407_202407310310_01_ES0176001900000010TJ0F.xml' can't be parsed: ""
2024-08-01 09:08:02,766 INFO     Moving file '0176/Salida/D1_01_0176_0654_202407_202407310310_01_ES0176001900000010TJ0F.xml' to '0176/Salida/D1_01_0176_0654_202407_202407310310_01_ES0176001900000010TJ0F.xml.bad'
2024-08-01 09:08:02,773 ERROR    ERROR001 - File '0176/Salida/D1_01_0176_0654_202407_202407310316_01_ES0176001900000260BX0F.xml' can't be parsed: ""
2024-08-01 09:08:02,774 INFO     Moving file '0176/Salida/D1_01_0176_0654_202407_202407310316_01_ES0176001900000260BX0F.xml' to '0176/Salida/D1_01_0176_0654_202407_202407310316_01_ES0176001900000260BX0F.xml.bad'
2024-08-01 09:08:02,781 ERROR    ERROR001 - File '0176/Salida/D1_01_0176_1440_202407_202407310309_01_ES0176001900000004TF0F.xml' can't be parsed: ""
2024-08-01 09:08:02,781 INFO     Moving file '0176/Salida/D1_01_0176_1440_202407_202407310309_01_ES0176001900000004TF0F.xml' to '0176/Salida/D1_01_0176_1440_202407_202407310309_01_ES0176001900000004TF0F.xml.bad'
2024-08-01 09:08:02,789 ERROR    ERROR001 - File '0176/Salida/D1_01_0176_0654_202407_202407310307_01_ES0176000001900622XM0F.xml' can't be parsed: ""
2024-08-01 09:08:02,789 INFO     Moving file '0176/Salida/D1_01_0176_0654_202407_202407310307_01_ES0176000001900622XM0F.xml' to '0176/Salida/D1_01_0176_0654_202407_202407310307_01_ES0176000001900622XM0F.xml.bad'
2024-08-01 09:08:02,797 ERROR    ERROR001 - File '0176/Salida/D1_01_0176_0654_202407_202407310308_01_ES0176001800000013WZ0F.xml' can't be parsed: ""
2024-08-01 09:08:02,797 INFO     Moving file '0176/Salida/D1_01_0176_0654_202407_202407310308_01_ES0176001800000013WZ0F.xml' to '0176/Salida/D1_01_0176_0654_202407_202407310308_01_ES0176001800000013WZ0F.xml.bad'
2024-08-01 09:08:02,804 ERROR    ERROR001 - File '0176/Salida/D1_01_0176_0086_202407_202407310314_01_ES0176001900000169FB0F.xml' can't be parsed: ""
2024-08-01 09:08:02,804 INFO     Moving file '0176/Salida/D1_01_0176_0086_202407_202407310314_01_ES0176001900000169FB0F.xml' to '0176/Salida/D1_01_0176_0086_202407_202407310314_01_ES0176001900000169FB0F.xml.bad'
2024-08-01 09:08:02,813 ERROR    ERROR001 - File '0176/Salida/D1_01_0176_0654_202407_202407310321_01_ES0176001900000439LM0F.xml' can't be parsed: ""
2024-08-01 09:08:02,813 INFO     Moving file '0176/Salida/D1_01_0176_0654_202407_202407310321_01_ES0176001900000439LM0F.xml' to '0176/Salida/D1_01_0176_0654_202407_202407310321_01_ES0176001900000439LM0F.xml.bad'
2024-08-01 09:08:02,821 ERROR    ERROR001 - File '0176/Salida/D1_01_0176_0654_202407_202407310318_01_ES0176001900000369QG0F.xml' can't be parsed: ""
2024-08-01 09:08:02,821 INFO     Moving file '0176/Salida/D1_01_0176_0654_202407_202407310318_01_ES0176001900000369QG0F.xml' to '0176/Salida/D1_01_0176_0654_202407_202407310318_01_ES0176001900000369QG0F.xml.bad'
2024-08-01 09:08:02,829 ERROR    ERROR001 - File '0176/Salida/D1_01_0176_0927_202407_202407310319_01_ES0176001900000375QX0F.xml' can't be parsed: ""
2024-08-01 09:08:02,829 INFO     Moving file '0176/Salida/D1_01_0176_0927_202407_202407310319_01_ES0176001900000375QX0F.xml' to '0176/Salida/D1_01_0176_0927_202407_202407310319_01_ES0176001900000375QX0F.xml.bad'
2024-08-01 09:08:02,837 ERROR    ERROR001 - File '0176/Salida/D1_01_0176_0654_202407_202407310312_01_ES0176001900000049WY0F.xml' can't be parsed: ""
2024-08-01 09:08:02,837 INFO     Moving file '0176/Salida/D1_01_0176_0654_202407_202407310312_01_ES0176001900000049WY0F.xml' to '0176/Salida/D1_01_0176_0654_202407_202407310312_01_ES0176001900000049WY0F.xml.bad'
2024-08-01 09:08:02,844 ERROR    ERROR001 - File '0176/Salida/D1_01_0176_0654_202407_202407310304_01_ES0176000001900549FR0F.xml' can't be parsed: ""
2024-08-01 09:08:02,845 INFO     Moving file '0176/Salida/D1_01_0176_0654_202407_202407310304_01_ES0176000001900549FR0F.xml' to '0176/Salida/D1_01_0176_0654_202407_202407310304_01_ES0176000001900549FR0F.xml.bad'
2024-08-01 09:08:02,853 ERROR    ERROR001 - File '0176/Salida/D1_01_0176_0654_202407_202407310317_01_ES0176001900000303JF0F.xml' can't be parsed: ""
2024-08-01 09:08:02,853 INFO     Moving file '0176/Salida/D1_01_0176_0654_202407_202407310317_01_ES0176001900000303JF0F.xml' to '0176/Salida/D1_01_0176_0654_202407_202407310317_01_ES0176001900000303JF0F.xml.bad'
